2024-07-29 20:50:33,139 - INFO - Setting up Reddit API credentials...
2024-07-29 20:50:33,141 - INFO - Saving to C:\Users\Hafsa_Waheed\Desktop\newfile\community_posts.json
2024-07-29 20:50:33,146 - INFO - Fetching posts from r/databreach...
2024-07-29 20:50:33,231 - WARNING - It appears that you are using PRAW in an asynchronous environment.
It is strongly recommended to use Async PRAW: https://asyncpraw.readthedocs.io.
See https://praw.readthedocs.io/en/latest/getting_started/multiple_instances.html#discord-bots-and-asynchronous-environments for more info.

2024-07-29 20:50:36,033 - ERROR - Failed to crawl https://www.printingcenterusa.com): Cannot connect to host www.printingcenterusa.com):443 ssl:default [getaddrinfo failed]
2024-07-29 20:50:36,041 - INFO - Post categorized as Recommendation: Printing Center USA DATA Breach
2024-07-29 20:50:36,143 - INFO - Post categorized as Recommendation: Equifax Extended Claims Payment Date
2024-07-29 20:50:37,716 - INFO - Post categorized as Subreddit: "Mother of All Breaches"
2024-07-29 20:50:37,724 - INFO - Post categorized as Question: Did the billions of records from the Bluekai/Oracle data breach of people’s names , emails, internet browsing history etc ever end up being stolen or was that data only exposed ?
2024-07-29 20:50:37,744 - INFO - Post categorized as Conversation: I dunno if I should or how I would explore this.
2024-07-29 20:50:37,770 - INFO - Post categorized as Conversation: Was Harbor Freight breached?
2024-07-29 20:50:39,117 - INFO - Post categorized as Recommendation: Navigating Healthcare Data Breaches - Strategies & Solutions
2024-07-29 20:50:40,432 - INFO - Post categorized as Recommendation: What is a Breach in Healthcare? 5 Signs To Watch Out For
2024-07-29 20:50:40,460 - INFO - Post categorized as Question: What do do after hard drive theft
2024-07-29 20:50:40,514 - ERROR - Failed to crawl https://www.theswedishtimes.se/articles/belgium-investigates-data-breach-in-london-ulez-fine-enforcement**](https://www.theswedishtimes.se/articles/belgium-investigates-data-breach-in-london-ulez-fine-enforcement): Cannot connect to host www.theswedishtimes.se:443 ssl:default [getaddrinfo failed]
2024-07-29 20:50:40,514 - INFO - Post categorized as Subreddit: Belgium Investigates Data Breach in London Ulez Fine Enforcement
2024-07-29 20:50:40,535 - INFO - Post categorized as Question: My data has been found on the darkweb
2024-07-29 20:50:40,623 - INFO - Post categorized as Question: Would subscribing to more than one credit monitoring service be beneficial?
2024-07-29 20:50:40,652 - INFO - Post categorized as Question: Upstream Data Breach
2024-07-29 20:50:42,054 - INFO - Post categorized as Recommendation: 4 Key principles of user-centric design
2024-07-29 20:50:43,488 - INFO - Post categorized as Subreddit: Decoding data classification: A simplified yet comprehensive handbook
2024-07-29 20:50:43,549 - INFO - Post categorized as Question: Maximus data breach legit?
2024-07-29 20:50:43,570 - INFO - Post categorized as Question: PBI Data Breach & Kroll Credit Monitoring
2024-07-29 20:50:43,594 - INFO - Post categorized as Question: Avenu Insights Data Breach
2024-07-29 20:50:43,607 - INFO - Post categorized as Question: Password data leak? Any info appreciated
2024-07-29 20:50:43,641 - INFO - Post categorized as Question: Just a query
2024-07-29 20:50:44,701 - INFO - Post categorized as Subreddit: Byron Bay [Australia] breach victim told to pay Adidas, National Basketball Association $US1.2m by US courts
2024-07-29 20:50:47,073 - INFO - Post categorized as Subreddit: Have you used the services of Heavy Hammer?
2024-07-29 20:50:47,365 - INFO - Post categorized as Subreddit: Amazon's Ring used to spy on customers, FTC says in privacy settlement
2024-07-29 20:50:47,464 - INFO - Post categorized as Question: Upgrade Inc data breach?
2024-07-29 20:50:47,516 - INFO - Post categorized as Question: Forbes.com 2014 data leak, but I never had an account?
2024-07-29 20:50:48,216 - INFO - Post categorized as Subreddit: If you get a class-action settlement notice, here’s what to consider when deciding to join or opt out
2024-07-29 20:50:49,301 - INFO - Post categorized as Subreddit: Millennial Money: Should I join a class-action lawsuit?
2024-07-29 20:50:49,714 - INFO - Post categorized as Subreddit: Ex-Uber security chief sentenced for data-breach cover-up
2024-07-29 20:50:50,978 - INFO - Post categorized as Subreddit: Amnesty International has been hacked
2024-07-29 20:50:51,978 - INFO - Post categorized as Subreddit: Yet another Tmobile Data Breach
2024-07-29 20:50:54,478 - INFO - Post categorized as Subreddit: New study finds 2/5 of IT professionals told to hide data breaches
2024-07-29 20:50:54,507 - INFO - Post categorized as Question: Equifax Breach Settlement Check Bounced
2024-07-29 20:50:54,540 - INFO - Post categorized as Question: Deleted Lastpass Account today
2024-07-29 20:50:56,071 - INFO - Post categorized as Subreddit: Live about to start now! The real cost of a data breach
2024-07-29 20:50:57,445 - INFO - Post categorized as Subreddit: Live tomorrow - Do you know what's the real cost of a data breach?
2024-07-29 20:50:57,686 - ERROR - Failed to crawl https://preview.redd.it/6yb8vqjacuia1.png?width=403&format=png&auto=webp&s=7e5a554e4e82cd5ba658526928054ce2e87e285f: 'utf-8' codec can't decode byte 0x89 in position 0: invalid start byte
2024-07-29 20:50:57,686 - INFO - Post categorized as Subreddit: I got hacked
2024-07-29 20:50:58,456 - INFO - Post categorized as Subreddit: **Live Event - Today** Don't miss out the 2nd Part of NYC Bar Association Data Breach
2024-07-29 20:50:59,242 - INFO - Post categorized as Subreddit: LIVE EVENT | | 2nd Part of NYC Bar Association Data Breach
2024-07-29 20:51:00,125 - INFO - Post categorized as Subreddit: Twitter's data breach of 400 million user emails and phone numbers
2024-07-29 20:51:00,223 - INFO - Post categorized as Recommendation: [ionos.com / oneandone1] data breach
2024-07-29 20:51:02,009 - ERROR - Failed to crawl http://linktr.ee/solcial): 0, message='', url=URL('http://linktr.ee/solcial)')
2024-07-29 20:51:02,009 - INFO - Post categorized as Subreddit: Solving security challengies with solcial
2024-07-29 20:51:02,184 - INFO - Post categorized as Recommendation: Desjardins data breach
2024-07-29 20:51:02,642 - INFO - Post categorized as Question: Any other Dapp in mind??
2024-07-29 20:51:03,721 - INFO - Post categorized as Recommendation: What is data breach and why does it matter to you?
2024-07-29 20:51:04,871 - INFO - Post categorized as Unknown: dynadot possible breach?
2024-07-29 20:51:05,074 - ERROR - Failed to crawl https://preview.redd.it/63phrlcgqxh91.png?width=1465&format=png&auto=webp&s=d70de04710b7770febaa449d87b4579df1721cb7: 'utf-8' codec can't decode byte 0x89 in position 0: invalid start byte
2024-07-29 20:51:05,075 - INFO - Post categorized as Subreddit: Anybody please help.
2024-07-29 20:51:05,133 - INFO - Post categorized as Question: Tumblr 2013 Databreach
2024-07-29 20:51:10,298 - INFO - Post categorized as Subreddit: Kaiser Permanente data breach, 70K affected...
2024-07-29 20:51:10,319 - INFO - Post categorized as Unknown: anyone know where to get the Audi database breach?
2024-07-29 20:51:13,574 - INFO - Post categorized as Subreddit: Not sure what to do about data breaches? Check out this:
2024-07-29 20:51:13,608 - ERROR - Failed to crawl https://Kayo.moe): Cannot connect to host kayo.moe):443 ssl:default [getaddrinfo failed]
2024-07-29 20:51:13,608 - INFO - Post categorized as Subreddit: Kayo.moe data leak
2024-07-29 20:51:13,623 - INFO - Post categorized as Unknown: I made a forum.
2024-07-29 20:51:13,658 - INFO - Post categorized as Question: I've been part of 3 data breaches in 1 week -- Anyone have advice?
2024-07-29 20:51:13,701 - INFO - Post categorized as Question: Has Freedom Mortgage had a recent data breach? I think so.
2024-07-29 20:51:17,608 - INFO - Post categorized as Subreddit: Sophos rapid response team investigated and remediated that Ransomware was involved in 79 percent of the incidents fueled by cryptocurrency, in the last 18 months.
2024-07-29 20:51:18,091 - INFO - Post categorized as Subreddit: Millions of Robinhood Customers Had Their Personal Data Stolen
2024-07-29 20:51:18,126 - INFO - Post categorized as Conversation: What to do with data breach discovered in someone else's company?
2024-07-29 20:51:19,888 - INFO - Post categorized as Subreddit: Guntrader data breach claim
2024-07-29 20:51:19,919 - INFO - Post categorized as Question: Maybe the Artificial Intelligence has some thoughts on this ‘Data Breach’ experience I encountered (UFO/UAP/Extraterrestrials)
2024-07-29 20:51:20,082 - INFO - Post categorized as Question: Okay I got a question
2024-07-29 20:51:20,120 - INFO - Post categorized as Question: Google personal data breach
2024-07-29 20:51:20,167 - INFO - Reddit posts from r/databreach added to the list.
2024-07-29 20:51:20,168 - INFO - Fetching posts from r/Databreaches...
2024-07-29 20:51:20,168 - WARNING - It appears that you are using PRAW in an asynchronous environment.
It is strongly recommended to use Async PRAW: https://asyncpraw.readthedocs.io.
See https://praw.readthedocs.io/en/latest/getting_started/multiple_instances.html#discord-bots-and-asynchronous-environments for more info.

2024-07-29 20:51:21,742 - INFO - Post categorized as Question: Equifax wants documentation 
2024-07-29 20:51:21,863 - INFO - Post categorized as Unknown: Munster Tech data breach
2024-07-29 20:51:21,890 - INFO - Reddit posts from r/Databreaches added to the list.
2024-07-29 20:51:21,890 - INFO - Fetching posts from r/DataBreached...
2024-07-29 20:51:21,891 - WARNING - It appears that you are using PRAW in an asynchronous environment.
It is strongly recommended to use Async PRAW: https://asyncpraw.readthedocs.io.
See https://praw.readthedocs.io/en/latest/getting_started/multiple_instances.html#discord-bots-and-asynchronous-environments for more info.

2024-07-29 20:51:23,120 - ERROR - Failed to crawl https://preview.redd.it/p6qo25v2hrcd1.png?width=349&format=png&auto=webp&s=970200c3762e1cee972883b54db4ab6ae880f9b6: 'utf-8' codec can't decode byte 0x89 in position 0: invalid start byte
2024-07-29 20:51:23,122 - INFO - Post categorized as Subreddit: 25 Members! 
2024-07-29 20:51:23,162 - ERROR - Failed to crawl http://orga-soft.de): Cannot connect to host orga-soft.de):80 ssl:default [getaddrinfo failed]
2024-07-29 20:51:23,162 - INFO - Post categorized as Subreddit: Orga-Soft Data Breach
2024-07-29 20:51:23,216 - ERROR - Failed to crawl http://qualityplumbingassociates.com): Cannot connect to host qualityplumbingassociates.com):80 ssl:default [getaddrinfo failed]
2024-07-29 20:51:23,216 - INFO - Post categorized as Subreddit: Quality Plumbing Associates Data Breach
2024-07-29 20:51:23,239 - ERROR - Failed to crawl http://rocob.com): Cannot connect to host rocob.com):80 ssl:default [getaddrinfo failed]
2024-07-29 20:51:23,240 - INFO - Post categorized as Subreddit: Regional Obstetrical Consultants Data Breach
2024-07-29 20:51:23,261 - ERROR - Failed to crawl http://ssbshoes.com): Cannot connect to host ssbshoes.com):80 ssl:default [getaddrinfo failed]
2024-07-29 20:51:23,261 - INFO - Post categorized as Subreddit: Shyang Shin Bao Group Data Breach
2024-07-29 20:51:23,285 - ERROR - Failed to crawl http://sullairargentina.com): Cannot connect to host sullairargentina.com):80 ssl:default [getaddrinfo failed]
2024-07-29 20:51:23,285 - INFO - Post categorized as Subreddit: Sullair Argentina Data Breach
2024-07-29 20:51:23,303 - ERROR - Failed to crawl http://unisi.it): Cannot connect to host unisi.it):80 ssl:default [getaddrinfo failed]
2024-07-29 20:51:23,303 - INFO - Post categorized as Subreddit: University of Siena Data Breach
2024-07-29 20:51:23,329 - ERROR - Failed to crawl http://visionmech.net): Cannot connect to host visionmech.net):80 ssl:default [getaddrinfo failed]
2024-07-29 20:51:23,329 - INFO - Post categorized as Subreddit: Vision Mechanical Data Breach
2024-07-29 20:51:25,001 - INFO - Post categorized as Subreddit: Widdop Data Breach
2024-07-29 20:51:25,021 - ERROR - Failed to crawl http://atlinc.com): Cannot connect to host atlinc.com):80 ssl:default [getaddrinfo failed]
2024-07-29 20:51:25,021 - INFO - Post categorized as Subreddit: 300GB+ Data Leak
2024-07-29 20:51:25,043 - ERROR - Failed to crawl http://agranibank.org): Cannot connect to host agranibank.org):80 ssl:default [getaddrinfo failed]
2024-07-29 20:51:25,044 - INFO - Post categorized as Subreddit: Agrani Bank Data Breach
2024-07-29 20:51:25,066 - ERROR - Failed to crawl http://dean-lumber.com): Cannot connect to host dean-lumber.com):80 ssl:default [getaddrinfo failed]
2024-07-29 20:51:25,067 - INFO - Post categorized as Subreddit: Dean Lumber Data Breach

2024-07-29 20:51:25,095 - ERROR - Failed to crawl http://ema-eda.com): Cannot connect to host ema-eda.com):80 ssl:default [getaddrinfo failed]
2024-07-29 20:51:25,096 - INFO - Post categorized as Subreddit: 400GB+ Data Leak EMA Design Automation

2024-07-29 20:51:25,122 - ERROR - Failed to crawl http://kauffmanschool.org): Cannot connect to host kauffmanschool.org):80 ssl:default [getaddrinfo failed]
2024-07-29 20:51:25,123 - INFO - Post categorized as Subreddit: Ewing Marion Kauffman School Data Breach
2024-07-29 20:51:25,146 - ERROR - Failed to crawl http://gravetyemanor.co.uk): Cannot connect to host gravetyemanor.co.uk):80 ssl:default [getaddrinfo failed]
2024-07-29 20:51:25,146 - INFO - Post categorized as Subreddit: Gravetye Manor Data Breach
2024-07-29 20:51:25,168 - ERROR - Failed to crawl http://laxmicapital.com.np): Cannot connect to host laxmicapital.com.np):80 ssl:default [getaddrinfo failed]
2024-07-29 20:51:25,169 - INFO - Post categorized as Subreddit: Laxmi Capital Data Breach
2024-07-29 20:51:25,189 - ERROR - Failed to crawl http://okuant.com): Cannot connect to host okuant.com):80 ssl:default [getaddrinfo failed]
2024-07-29 20:51:25,190 - INFO - Post categorized as Subreddit: Okuant Data Breach
2024-07-29 20:51:25,211 - ERROR - Failed to crawl http://pricemodern.com): Cannot connect to host pricemodern.com):80 ssl:default [getaddrinfo failed]
2024-07-29 20:51:25,211 - INFO - Post categorized as Subreddit: Price Modern Data Breach
2024-07-29 20:51:25,236 - ERROR - Failed to crawl http://talleygroup.com): Cannot connect to host talleygroup.com):80 ssl:default [getaddrinfo failed]
2024-07-29 20:51:25,236 - INFO - Post categorized as Subreddit: Talley Group Data Breach
2024-07-29 20:51:25,257 - ERROR - Failed to crawl http://fulcrum.pro): Cannot connect to host fulcrum.pro):80 ssl:default [getaddrinfo failed]
2024-07-29 20:51:25,257 - INFO - Post categorized as Subreddit: The Fulcrum Group Data Breach
2024-07-29 20:51:25,279 - ERROR - Failed to crawl http://twpunionschools.org): Cannot connect to host twpunionschools.org):80 ssl:default [getaddrinfo failed]
2024-07-29 20:51:25,279 - INFO - Post categorized as Subreddit: Township of Union Public Schools Data Breach
2024-07-29 20:51:25,303 - ERROR - Failed to crawl http://tresor.gouv.ci): Cannot connect to host tresor.gouv.ci):80 ssl:default [getaddrinfo failed]
2024-07-29 20:51:25,304 - INFO - Post categorized as Subreddit: Treasury of Cote d'Ivoire Data Breach
2024-07-29 20:51:25,325 - ERROR - Failed to crawl http://valleyjoist.com): Cannot connect to host valleyjoist.com):80 ssl:default [getaddrinfo failed]
2024-07-29 20:51:25,326 - INFO - Post categorized as Subreddit: Valley Joist + Deck Data Breach
2024-07-29 20:51:25,347 - ERROR - Failed to crawl http://windcomservices.com): Cannot connect to host windcomservices.com):80 ssl:default [getaddrinfo failed]
2024-07-29 20:51:25,347 - INFO - Post categorized as Subreddit: WindCom Data Breach
2024-07-29 20:51:25,368 - ERROR - Failed to crawl http://accuratelockandhardware.com): Cannot connect to host accuratelockandhardware.com):80 ssl:default [getaddrinfo failed]
2024-07-29 20:51:25,369 - INFO - Post categorized as Subreddit: Data Breach Accurate Lock and Hardware
2024-07-29 20:51:25,390 - ERROR - Failed to crawl http://neurobehavioralmed.com): Cannot connect to host neurobehavioralmed.com):80 ssl:default [getaddrinfo failed]
2024-07-29 20:51:25,390 - INFO - Post categorized as Subreddit: Data Leak Neurobehavioral Medicine Consultants
2024-07-29 20:51:25,413 - ERROR - Failed to crawl http://rwco.com): Cannot connect to host rwco.com):80 ssl:default [getaddrinfo failed]
2024-07-29 20:51:25,413 - INFO - Post categorized as Subreddit: rwco 400GB+ Data Leak
2024-07-29 20:51:26,568 - INFO - Post categorized as Subreddit: Nissan Data Breach
2024-07-29 20:51:26,624 - ERROR - Failed to crawl http://romeopitaro.com): Cannot connect to host romeopitaro.com):80 ssl:default [getaddrinfo failed]
2024-07-29 20:51:26,624 - INFO - Post categorized as Subreddit: Data Breach of Romeo Pitaro Injury & Litigation Lawyers 
2024-07-29 20:51:26,652 - ERROR - Failed to crawl http://lpdb.go.id): Cannot connect to host lpdb.go.id):80 ssl:default [getaddrinfo failed]
2024-07-29 20:51:26,652 - INFO - Post categorized as Subreddit: 15TB+ Data Leak! Lembaga Pengelola Dana Bergulir KUMKM
2024-07-29 20:51:26,675 - ERROR - Failed to crawl http://scanda.com.mx): Cannot connect to host scanda.com.mx):80 ssl:default [getaddrinfo failed]
2024-07-29 20:51:26,675 - INFO - Post categorized as Subreddit: Grupo Scanda Data Breach (Over 300 GB)
2024-07-29 20:51:26,700 - ERROR - Failed to crawl http://eucatex.com.br): Cannot connect to host eucatex.com.br):80 ssl:default [getaddrinfo failed]
2024-07-29 20:51:26,700 - INFO - Post categorized as Subreddit: Eucatex Data Leak (100GB+)
2024-07-29 20:51:26,726 - ERROR - Failed to crawl http://acfin.cl): Cannot connect to host acfin.cl):80 ssl:default [getaddrinfo failed]
2024-07-29 20:51:26,726 - INFO - Post categorized as Subreddit: AFIN Data Leak (400GB+)
2024-07-29 20:51:26,749 - ERROR - Failed to crawl http://confins.com.br): Cannot connect to host confins.com.br):80 ssl:default [getaddrinfo failed]
2024-07-29 20:51:26,749 - INFO - Post categorized as Subreddit: Confins 500GB+ Data Leak 
2024-07-29 20:51:26,771 - ERROR - Failed to crawl http://acfin.cl): Cannot connect to host acfin.cl):80 ssl:default [getaddrinfo failed]
2024-07-29 20:51:26,771 - INFO - Post categorized as Subreddit: ACFIN 400GB+ Data Leak
2024-07-29 20:51:26,790 - ERROR - Failed to crawl http://brunogenerators.it): Cannot connect to host brunogenerators.it):80 ssl:default [getaddrinfo failed]
2024-07-29 20:51:26,790 - INFO - Post categorized as Subreddit: Data Leak of Bruno Generators
2024-07-29 20:51:26,808 - ERROR - Failed to crawl http://neodesha.org): Cannot connect to host neodesha.org):80 ssl:default [getaddrinfo failed]
2024-07-29 20:51:26,808 - INFO - Post categorized as Subreddit: City of Neodesha Data Leak
2024-07-29 20:51:26,826 - ERROR - Failed to crawl http://cssltd.co.uk): Cannot connect to host cssltd.co.uk):80 ssl:default [getaddrinfo failed]
2024-07-29 20:51:26,826 - INFO - Post categorized as Subreddit: cssltd.co.uk data leak
2024-07-29 20:51:26,845 - ERROR - Failed to crawl http://fiskarsgroup.com): Cannot connect to host fiskarsgroup.com):80 ssl:default [getaddrinfo failed]
2024-07-29 20:51:26,846 - INFO - Post categorized as Subreddit: Huge Data Leak (2TB) fiskarsgroup
2024-07-29 20:51:26,864 - ERROR - Failed to crawl http://gmjca.com): Cannot connect to host gmjca.com):80 ssl:default [getaddrinfo failed]
2024-07-29 20:51:26,864 - INFO - Post categorized as Subreddit: gmjca data breach
2024-07-29 20:51:26,881 - ERROR - Failed to crawl http://hardings-transport.com),: Cannot connect to host hardings-transport.com),:80 ssl:default [getaddrinfo failed]
2024-07-29 20:51:26,882 - INFO - Post categorized as Subreddit: hardings-transport data leak
2024-07-29 20:51:26,904 - ERROR - Failed to crawl http://lakesprecision.com): Cannot connect to host lakesprecision.com):80 ssl:default [getaddrinfo failed]
2024-07-29 20:51:26,904 - INFO - Post categorized as Subreddit: lakesprecision data leak
2024-07-29 20:51:26,921 - ERROR - Failed to crawl http://maloneaccountants.ie): Cannot connect to host maloneaccountants.ie):80 ssl:default [getaddrinfo failed]
2024-07-29 20:51:26,921 - INFO - Post categorized as Subreddit: maloneaccountants data leak
2024-07-29 20:51:26,937 - ERROR - Failed to crawl http://morrisgroupint.com): Cannot connect to host morrisgroupint.com):80 ssl:default [getaddrinfo failed]
2024-07-29 20:51:26,938 - INFO - Post categorized as Subreddit: morrisgroupint data leak
2024-07-29 20:51:26,958 - ERROR - Failed to crawl http://motormunich.cat): Cannot connect to host motormunich.cat):80 ssl:default [getaddrinfo failed]
2024-07-29 20:51:26,958 - INFO - Post categorized as Subreddit: motormunich leak
2024-07-29 20:51:26,975 - ERROR - Failed to crawl http://pierfoundry.com),: Cannot connect to host pierfoundry.com),:80 ssl:default [getaddrinfo failed]
2024-07-29 20:51:26,976 - INFO - Post categorized as Subreddit: pierfoundry data leak 
2024-07-29 20:51:26,994 - ERROR - Failed to crawl http://beachboardwalk.com),: Cannot connect to host beachboardwalk.com),:80 ssl:default [getaddrinfo failed]
2024-07-29 20:51:26,994 - INFO - Post categorized as Subreddit: beachboardwalk data leak 
2024-07-29 20:51:27,011 - ERROR - Failed to crawl http://wealthdepot.com),: Cannot connect to host wealthdepot.com),:80 ssl:default [getaddrinfo failed]
2024-07-29 20:51:27,012 - INFO - Post categorized as Subreddit: wealthdepot data leak 5/15/2024
2024-07-29 20:51:27,029 - ERROR - Failed to crawl http://avantit.no): Cannot connect to host avantit.no):80 ssl:default [getaddrinfo failed]
2024-07-29 20:51:27,030 - INFO - Post categorized as Subreddit: Avant IT Data Breach on May 15, 2024
2024-07-29 20:51:29,235 - INFO - Post categorized as Subreddit: ACLA-WERKE Data Breach on May 15, 2024
2024-07-29 20:51:29,748 - ERROR - Failed to crawl https://preview.redd.it/pxh355iz5h0d1.png?width=474&format=png&auto=webp&s=f82d8469925ab1d319943f10d0853cf1e02d54c1: 'utf-8' codec can't decode byte 0x89 in position 0: invalid start byte
2024-07-29 20:51:29,749 - INFO - Post categorized as Subreddit: Data Breach Impacts all Xfinity-Comcast Customers
2024-07-29 20:51:30,001 - INFO - Post categorized as Subreddit: Data breach Santander 5/14/2024 
2024-07-29 20:51:30,881 - INFO - Post categorized as Subreddit: Dropbox Data Breach, May 1st 2024
2024-07-29 20:51:30,909 - INFO - Post categorized as Unknown: Helsinki City Council Data Breach
2024-07-29 20:51:30,946 - INFO - Post categorized as Recommendation: JPMorgan Chase Data Breach
2024-07-29 20:51:31,215 - ERROR - Failed to crawl https://preview.redd.it/ejrch7rbr90d1.png?width=474&format=png&auto=webp&s=ef897a402a983f54b4464b7a6a8089f54b07c40d: 'utf-8' codec can't decode byte 0x89 in position 0: invalid start byte
2024-07-29 20:51:31,216 - INFO - Post categorized as Recommendation: Dell data breach
2024-07-29 20:51:31,385 - INFO - Reddit posts from r/DataBreached added to the list.
2024-07-29 20:51:31,432 - INFO - All Reddit posts saved to C:\Users\Hafsa_Waheed\Desktop\newfile\community_posts.json
2024-07-29 20:51:51,972 - INFO - Setting up Reddit API credentials...
2024-07-29 20:51:51,973 - INFO - Saving to C:\Users\Hafsa_Waheed\Desktop\newfile\community_posts.json
2024-07-29 20:51:51,980 - INFO - Fetching posts from r/databreach...
2024-07-29 20:51:52,092 - WARNING - It appears that you are using PRAW in an asynchronous environment.
It is strongly recommended to use Async PRAW: https://asyncpraw.readthedocs.io.
See https://praw.readthedocs.io/en/latest/getting_started/multiple_instances.html#discord-bots-and-asynchronous-environments for more info.

2024-07-29 20:51:55,414 - ERROR - Failed to crawl https://www.printingcenterusa.com): Cannot connect to host www.printingcenterusa.com):443 ssl:default [getaddrinfo failed]
2024-07-29 20:51:55,414 - INFO - Post categorized as Recommendation: Printing Center USA DATA Breach
2024-07-29 20:51:55,501 - INFO - Post categorized as Recommendation: Equifax Extended Claims Payment Date
2024-07-29 20:51:56,914 - INFO - Post categorized as Subreddit: "Mother of All Breaches"
2024-07-29 20:51:56,927 - INFO - Post categorized as Question: Did the billions of records from the Bluekai/Oracle data breach of people’s names , emails, internet browsing history etc ever end up being stolen or was that data only exposed ?
2024-07-29 20:51:56,956 - INFO - Post categorized as Conversation: I dunno if I should or how I would explore this.
2024-07-29 20:51:57,002 - INFO - Post categorized as Conversation: Was Harbor Freight breached?
2024-07-29 20:51:58,501 - INFO - Post categorized as Recommendation: Navigating Healthcare Data Breaches - Strategies & Solutions
2024-07-29 20:52:00,436 - INFO - Post categorized as Recommendation: What is a Breach in Healthcare? 5 Signs To Watch Out For
2024-07-29 20:52:00,558 - INFO - Post categorized as Question: What do do after hard drive theft
2024-07-29 20:52:00,810 - ERROR - Failed to crawl https://www.theswedishtimes.se/articles/belgium-investigates-data-breach-in-london-ulez-fine-enforcement**](https://www.theswedishtimes.se/articles/belgium-investigates-data-breach-in-london-ulez-fine-enforcement): Cannot connect to host www.theswedishtimes.se:443 ssl:default [getaddrinfo failed]
2024-07-29 20:52:00,811 - INFO - Post categorized as Subreddit: Belgium Investigates Data Breach in London Ulez Fine Enforcement
2024-07-29 20:52:00,830 - INFO - Post categorized as Question: My data has been found on the darkweb
2024-07-29 20:52:00,903 - INFO - Post categorized as Question: Would subscribing to more than one credit monitoring service be beneficial?
2024-07-29 20:52:00,949 - INFO - Post categorized as Question: Upstream Data Breach
2024-07-29 20:52:02,291 - INFO - Post categorized as Recommendation: 4 Key principles of user-centric design
2024-07-29 20:52:03,639 - INFO - Post categorized as Subreddit: Decoding data classification: A simplified yet comprehensive handbook
2024-07-29 20:52:03,673 - INFO - Post categorized as Question: Maximus data breach legit?
2024-07-29 20:52:03,697 - INFO - Post categorized as Question: PBI Data Breach & Kroll Credit Monitoring
2024-07-29 20:52:03,723 - INFO - Post categorized as Question: Avenu Insights Data Breach
2024-07-29 20:52:03,738 - INFO - Post categorized as Question: Password data leak? Any info appreciated
2024-07-29 20:52:03,774 - INFO - Post categorized as Question: Just a query
2024-07-29 20:52:05,171 - INFO - Post categorized as Subreddit: Byron Bay [Australia] breach victim told to pay Adidas, National Basketball Association $US1.2m by US courts
2024-07-29 20:52:07,458 - INFO - Post categorized as Subreddit: Have you used the services of Heavy Hammer?
2024-07-29 20:52:07,715 - INFO - Post categorized as Subreddit: Amazon's Ring used to spy on customers, FTC says in privacy settlement
2024-07-29 20:52:07,812 - INFO - Post categorized as Question: Upgrade Inc data breach?
2024-07-29 20:52:07,863 - INFO - Post categorized as Question: Forbes.com 2014 data leak, but I never had an account?
2024-07-29 20:52:08,704 - INFO - Post categorized as Subreddit: If you get a class-action settlement notice, here’s what to consider when deciding to join or opt out
2024-07-29 20:52:12,503 - INFO - Post categorized as Subreddit: Millennial Money: Should I join a class-action lawsuit?
2024-07-29 20:52:12,903 - INFO - Post categorized as Subreddit: Ex-Uber security chief sentenced for data-breach cover-up
2024-07-29 20:52:14,146 - INFO - Post categorized as Subreddit: Amnesty International has been hacked
2024-07-29 20:52:15,088 - INFO - Post categorized as Subreddit: Yet another Tmobile Data Breach
2024-07-29 20:52:18,292 - INFO - Post categorized as Subreddit: New study finds 2/5 of IT professionals told to hide data breaches
2024-07-29 20:52:18,340 - INFO - Post categorized as Question: Equifax Breach Settlement Check Bounced
2024-07-29 20:52:18,382 - INFO - Post categorized as Question: Deleted Lastpass Account today
2024-07-29 20:52:19,464 - INFO - Post categorized as Subreddit: Live about to start now! The real cost of a data breach
2024-07-29 20:52:20,672 - INFO - Post categorized as Subreddit: Live tomorrow - Do you know what's the real cost of a data breach?
2024-07-29 20:52:20,903 - ERROR - Failed to crawl https://preview.redd.it/6yb8vqjacuia1.png?width=403&format=png&auto=webp&s=7e5a554e4e82cd5ba658526928054ce2e87e285f: 'utf-8' codec can't decode byte 0x89 in position 0: invalid start byte
2024-07-29 20:52:20,904 - INFO - Post categorized as Subreddit: I got hacked
2024-07-29 20:52:21,711 - INFO - Post categorized as Subreddit: **Live Event - Today** Don't miss out the 2nd Part of NYC Bar Association Data Breach
2024-07-29 20:52:22,422 - INFO - Post categorized as Subreddit: LIVE EVENT | | 2nd Part of NYC Bar Association Data Breach
2024-07-29 20:52:23,231 - INFO - Post categorized as Subreddit: Twitter's data breach of 400 million user emails and phone numbers
2024-07-29 20:52:23,329 - INFO - Post categorized as Recommendation: [ionos.com / oneandone1] data breach
2024-07-29 20:52:24,369 - INFO - Program terminated by user.
